CHSMD	12/11 01:27
ALMD	12/11 01:27
QMON	12/11 01:27
S_MNG	12/11 01:27
CI_SVC	12/11 01:27
PRE_A	12/11 01:27
A_RADIUS	12/11 01:27
A_TCP	12/11 01:27
A_TCP1	12/11 01:27
A_TCP2	12/11 01:27
A_TCP3	12/11 01:27
A_TCP4	12/11 01:27
A_SCTP	12/11 01:27
A_DIAMETER	12/11 01:27
A_HTTP	12/11 01:27
A_HTTP1	12/11 01:27
A_HTTP2	12/11 01:27
A_HTTP3	12/11 01:27
A_HTTP4	12/11 01:27
A_WAP20	12/11 01:27
A_MMS	12/11 01:27
A_2G	12/11 01:27
A_FB	12/11 01:27
A_IV	12/11 01:27
A_FV	12/11 01:27
A_JNC	12/11 01:27
A_EMS	12/11 01:27
A_WIPI	12/11 01:27
A_VOD	03/05 02:18
A_SIPM	12/11 01:27
A_SIPT	12/11 01:27
A_SIPD	12/11 01:27
A_JAVA	12/11 01:27
A_MSRPM	12/11 01:27
A_MSRPT	12/11 01:27
A_XCAP	12/11 01:27
A_IM	12/11 01:27
A_VT	12/11 01:27
A_ONLINE	12/11 01:27
A_FTP	12/11 01:27
A_DNS	12/11 01:27
A_WIDGET	12/11 01:27
A_CALL	12/11 01:27
CI_LOG	12/11 01:27
CAPD	12/11 01:27
