1283264142  :  23255 (CHSMD) S 1 23253 20649 0 -1 4194560 370963938 0 0 0 49367 286886 0 0 16 0 1 100 873431279 3698688 207 18446744073709551615 4194304 4268556 548682070336 18446744073709551615 273698042053 0 0 65536 335572999 18446744071563946030 0 0 17 9 0 0
1283264142  :  23275 (ALMD) S 1 23253 20649 0 -1 4194560 202 0 0 0 17 27 0 0 16 0 1 100 873431289 3047424 147 18446744073709551615 4194304 4223452 548682070352 18446744073709551615 273698042053 0 0 65536 369129991 18446744071563946030 0 0 17 15 0 0
1283264142  :  23300 (QMON) S 1 23253 20649 0 -1 4194560 512625 0 1 0 17521310 23464 0 0 15 0 1 0 873431300 8211812352 507967 18446744073709551615 4194304 4999340 548682070352 18446744073709551615 273697802274 0 0 65536 369129991 1108970495736 0 0 17 15 0 0
1283264142  :  23319 (S_MNG) S 1 23253 20649 0 -1 4194560 1325 0 0 0 116 97 0 0 16 0 1 0 873431310 8230715392 969 18446744073709551615 4194304 4284956 548682070336 18446744073709551615 273697802274 0 65536 69633 24576 1099529825896 0 0 17 15 0 0
1283264142  :  23320 (CI_SVC) S 1 23253 20649 0 -1 4194560 507 0 0 0 45 205 0 0 15 0 1 0 873431321 19415040 150 18446744073709551615 4194304 4221996 548682070336 18446744073709551615 273698008837 0 0 65536 369129991 1099529330248 0 0 17 0 0 0
1283264142  :  23321 (PRE_A) R 1 23253 20649 0 -1 4194560 966834 0 0 0 219393112 32455254 0 0 15 0 1 0 873431331 8751296512 961749 18446744073709551615 4194304 5066292 548682070336 18446744073709551615 273698042053 0 0 65536 369129991 0 0 0 17 13 0 0
1283264142  :  23322 (A_RADIUS) S 1 23253 20649 0 -1 4194560 629720 0 0 0 312336 90470 0 0 16 0 1 0 873431341 8227553280 629169 18446744073709551615 4194304 4285124 548682070336 18446744073709551615 273697802274 0 0 0 369195527 1109386739448 0 0 17 7 0 0
1283264142  :  23323 (A_TCP) S 1 23253 20649 0 -1 4194560 779995 0 0 0 79707 22863 0 0 16 0 1 0 873431352 8363913216 779658 18446744073709551615 4194304 4307164 548682070336 18446744073709551615 273697802274 0 0 0 369195527 1117674028792 0 0 17 14 0 0
1283264142  :  23324 (A_TCP) S 1 23253 20649 0 -1 4194560 779997 0 0 0 75837 20336 0 0 16 0 1 0 873431362 8363937792 779659 18446744073709551615 4194304 4307164 548682070336 18446744073709551615 273697802274 0 0 0 369195527 1119436119800 0 0 17 7 0 0
1283264142  :  23325 (A_TCP) S 1 23253 20649 0 -1 4194560 779982 0 0 0 75865 20402 0 0 16 0 1 0 873431373 8363868160 779659 18446744073709551615 4194304 4307164 548682070336 18446744073709551615 273697802274 0 0 0 369195527 1105430511352 0 0 17 7 0 0
1283264142  :  23326 (A_TCP) S 1 23253 20649 0 -1 4194560 779992 0 0 0 76156 20287 0 0 16 0 1 0 873431383 8363864064 779658 18446744073709551615 4194304 4307164 548682070336 18446744073709551615 273697802274 0 0 0 369195527 1119436119800 0 0 17 7 0 0
1283264142  :  23327 (A_TCP) S 1 23253 20649 0 -1 4194560 780019 0 0 0 79967 23062 0 0 16 0 1 0 873431393 8363925504 779659 18446744073709551615 4194304 4307164 548682070336 18446744073709551615 273697802274 0 0 0 369195527 1105132609272 0 0 17 15 0 0
1283264142  :  23328 (A_SCTP) S 1 23253 20649 0 -1 4194560 3012 0 0 0 864 1260 0 0 15 0 1 0 873431404 8222674944 2958 18446744073709551615 4194304 4273180 548682070336 18446744073709551615 273697802274 0 0 65536 369129991 1117879615224 0 0 17 2 0 0
1283264142  :  23329 (A_DIAMETER) S 1 23253 20649 0 -1 4194560 4203 0 0 0 995 1263 0 0 15 0 1 0 873431414 8227565568 4149 18446744073709551615 4194304 4296756 548682070336 18446744073709551615 273697802274 0 0 0 369195527 1112859467512 0 0 17 6 0 0
1283264142  :  23330 (A_HTTP) S 1 23253 20649 0 -1 4194560 2070789 0 0 0 347741 39040 0 0 16 0 1 0 873431424 8455208960 2063687 18446744073709551615 4194304 4338468 548682070336 18446744073709551615 273697802274 0 0 0 369195527 1099529559960 0 0 17 7 0 0
1283264142  :  23331 (A_HTTP) S 1 23253 20649 0 -1 4194560 2070529 0 0 0 347671 39009 0 0 16 0 1 0 873431435 8455208960 2063684 18446744073709551615 4194304 4338468 548682070336 18446744073709551615 273697802274 0 0 0 369195527 1118033526520 0 0 17 15 0 0
1283264142  :  23332 (A_HTTP) S 1 23253 20649 0 -1 4194560 2070137 0 0 0 347358 39263 0 0 16 0 1 0 873431445 8455208960 2063685 18446744073709551615 4194304 4338468 548682070336 18446744073709551615 273697802274 0 0 0 369195527 1106830638840 0 0 17 11 0 0
1283264142  :  23333 (A_HTTP) S 1 23253 20649 0 -1 4194560 2070179 0 0 0 348257 38958 0 0 16 0 1 0 873431456 8455208960 2063688 18446744073709551615 4194304 4338468 548682070336 18446744073709551615 273697802274 0 0 0 369195527 1119436119800 0 0 17 7 0 0
1283264142  :  23334 (A_HTTP) S 1 23253 20649 0 -1 4194560 2070179 0 0 0 348545 39053 0 0 16 0 1 0 873431466 8455208960 2063688 18446744073709551615 4194304 4338468 548682070336 18446744073709551615 273697802274 0 0 0 369195527 1099529560152 0 0 17 7 0 0
1283264142  :  23335 (A_WAP20) S 1 23253 20649 0 -1 4194560 191381076 0 2 0 5516942 130872 0 0 15 0 1 0 873431476 8211927040 2004128 18446744073709551615 4194304 5075636 548682070336 18446744073709551615 273697802274 0 0 0 369195527 1116006530808 0 0 17 6 0 0
1283264142  :  23336 (A_MMS) S 1 23253 20649 0 -1 4194560 48580260 0 2 0 542311 10198 0 0 15 0 1 0 873431487 8211963904 2004129 18446744073709551615 4194304 5103924 548682070336 18446744073709551615 273697802274 0 0 0 369195527 1117624655608 0 0 17 6 0 0
1283264142  :  23337 (A_2G) S 1 23253 20649 0 -1 4194560 124421 0 4 0 815 1263 0 0 15 0 1 0 873431497 8211927040 124371 18446744073709551615 4194304 5082796 548682070352 18446744073709551615 273697802274 0 0 0 369195527 1115389935352 0 0 17 6 0 0
1283264142  :  23338 (A_FB) S 1 23253 20649 0 -1 4194560 239020104 0 1 0 16058782 177382 0 0 15 0 1 0 873431507 8255074304 2005586 18446744073709551615 4194304 5115972 548682070352 18446744073709551615 273697802274 0 0 0 369195527 1099529789704 0 0 17 14 0 0
1283264142  :  23339 (A_IV) S 1 23253 20649 0 -1 4194560 776722 0 0 0 30956 13825 0 0 16 0 1 0 873431518 8318115840 764536 18446744073709551615 4194304 4293148 548682070352 18446744073709551615 273697802274 0 0 0 369195527 1099529363736 0 0 17 1 0 0
1283264142  :  23340 (A_FV) S 1 23253 20649 0 -1 4194560 594509 0 0 0 839 1242 0 0 15 0 1 0 873431528 8211927040 594455 18446744073709551615 4194304 5083020 548682070352 18446744073709551615 273697802274 0 0 0 369195527 1117973905144 0 0 17 6 0 0
1283264142  :  23341 (A_JNC) S 1 23253 20649 0 -1 4194560 27080 0 0 0 824 1280 0 0 16 0 1 0 873431538 8268660736 27012 18446744073709551615 4194304 4265036 548682070336 18446744073709551615 273697802274 0 0 0 369195527 1099529691480 0 0 17 11 0 0
1283264142  :  23342 (A_EMS) S 1 23253 20649 0 -1 4194560 1830470 0 0 0 8596 1437 0 0 15 0 1 0 873431548 8211914752 1246275 18446744073709551615 4194304 5082780 548682070336 18446744073709551615 273697802274 0 0 0 369195527 1125452063968 0 0 17 2 0 0
1283264142  :  23343 (A_WIPI) S 1 23253 20649 0 -1 4194560 850403 0 0 0 915 1295 0 0 15 0 1 0 873431559 8211943424 850348 18446744073709551615 4194304 5092220 548682070336 18446744073709551615 273697802274 0 0 0 369195527 1123908402936 0 0 17 6 0 0
1283264142  :  23345 (A_SIPM) S 1 23253 20649 0 -1 4194560 717238 0 0 0 23156 20471 0 0 16 0 1 0 873431579 8246059008 717182 18446744073709551615 4194304 4284124 548682070336 18446744073709551615 273697802274 0 0 0 369195527 1117590036216 0 0 17 6 0 0
1283264142  :  23346 (A_SIPT) S 1 23253 20649 0 -1 4194560 880141 0 1 0 132419 21017 0 0 16 0 1 0 873431590 8588615680 880038 18446744073709551615 4194304 5198868 548682070336 18446744073709551615 273697802274 0 0 0 369195527 1115635949304 0 0 17 8 0 0
1283264142  :  23347 (A_SIPD) S 1 23253 20649 0 -1 4194560 785243 0 0 0 54764 2154 0 0 15 0 1 0 873431600 8211116032 785189 18446744073709551615 4194304 4319964 548682070336 18446744073709551615 273697802274 0 0 0 369195527 1117210050296 0 0 17 6 0 0
1283264142  :  23348 (A_JAVA) S 1 23253 20649 0 -1 4194560 902083 0 2 0 919 1276 0 0 15 0 1 0 873431610 8211931136 902031 18446744073709551615 4194304 5075604 548682070336 18446744073709551615 273697802274 0 0 0 369195527 1099529724504 0 0 17 12 0 0
1283264142  :  23349 (A_MSRPM) S 1 23253 20649 0 -1 4194560 891519 0 0 0 1954 1609 0 0 15 0 1 0 873431621 8249257984 887569 18446744073709551615 4194304 4275596 548682070336 18446744073709551615 273697802274 0 0 0 369195527 1114825441016 0 0 17 2 0 0
1283264142  :  23350 (A_MSRPT) R 1 23253 20649 0 -1 4194560 838299 0 0 0 4639 1388 0 0 16 0 1 0 873431631 8278609920 838033 18446744073709551615 4194304 4305820 548682070336 18446744073709551615 273697802274 0 0 0 369195527 0 0 0 17 7 0 0
1283264142  :  23351 (A_XCAP) S 1 23253 20649 0 -1 4194560 572791 0 0 0 1907 1387 0 0 15 0 1 0 873431642 8211046400 572737 18446744073709551615 4194304 4248076 548682070336 18446744073709551615 273697802274 0 0 0 369195527 1106038775544 0 0 17 6 0 0
1283264142  :  23352 (A_IM) S 1 23253 20649 0 -1 4194560 657177 0 1 0 2307 1764 0 0 15 0 1 0 873431652 8250040320 657124 18446744073709551615 4194304 5009892 548682070352 18446744073709551615 273697802274 0 0 0 369195527 1099529822968 0 0 17 15 0 0
1283264142  :  23353 (A_VT) S 1 23253 20649 0 -1 4194560 730131 0 1 0 18493 11622 0 0 16 0 1 0 873431662 8250077184 725331 18446744073709551615 4194304 5027388 548682070352 18446744073709551615 273697802274 0 0 0 369195527 1110087916936 0 0 17 0 0 0
1283264142  :  23354 (A_ONLINE) S 1 23253 20649 0 -1 4194560 755668 0 3 0 1518 1390 0 0 15 0 1 0 873431673 8247443456 751015 18446744073709551615 4194304 5046684 548682070336 18446744073709551615 273697802274 0 0 0 369195527 1099529528120 0 0 17 6 0 0
1283264142  :  23355 (A_FTP) S 1 23253 20649 0 -1 4194560 731313 0 1 0 4707 1202 0 0 15 0 1 0 873431683 8213065728 731091 18446744073709551615 4194304 4259020 548682070336 18446744073709551615 273697802274 0 0 65536 369129991 1116287729400 0 0 17 6 0 0
1283264142  :  23356 (A_DNS) S 1 23253 20649 0 -1 4194560 633970 0 0 0 22315 11879 0 0 16 0 1 0 873431694 8215736320 629242 18446744073709551615 4194304 4267724 548682070336 18446744073709551615 273697802274 0 0 65536 369129991 1113218703096 0 0 17 3 0 0
1283264142  :  23357 (A_WIDGET) S 1 23253 20649 0 -1 4194560 910427 0 1 0 15451 4590 0 0 15 0 1 0 873431704 8211898368 910348 18446744073709551615 4194304 5061100 548682070336 18446744073709551615 273697802274 0 0 0 369195527 1106560098040 0 0 17 15 0 0
1283264142  :  23358 (A_CALL) R 1 23253 20649 0 -1 4194560 2042770 0 2 0 375188569 20771557 0 0 16 0 1 0 873431714 8350007296 2037831 18446744073709551615 4194304 5079788 548682070336 18446744073709551615 273698042053 0 0 0 369195527 0 0 0 17 10 0 0
1283264142  :  23359 (CI_LOG) S 1 23253 20649 0 -1 4194560 912988 0 1 0 140327 176627 0 0 16 0 1 0 873431725 8228179968 912325 18446744073709551615 4194304 4991084 548682070336 18446744073709551615 273698008837 0 0 65536 369129991 1099529331720 0 0 17 0 0 0
1283264142  :  23360 (CAPD) S 1 23253 20649 0 -1 4194560 705236 0 0 0 47510045 27712823 0 0 16 0 1 0 873431735 8474202112 705155 18446744073709551615 4194304 4242300 548682070352 18446744073709551615 273697802274 0 0 65536 369129991 1099529397368 0 0 17 2 0 0
1283264142  :  25262 (A_VOD) S 1 25260 31318 0 -1 4194560 955988 0 386 0 952 277 0 0 15 0 1 0 1599496646 8396599296 956238 18446744073709551615 4194304 5163692 548682070336 18446744073709551615 273697802274 0 0 0 369195527 1109334884088 0 0 17 6 0 0
