CHSMD	07/17 23:55
ALMD	07/17 23:55
QMON	07/17 23:55
S_MNG	07/17 23:55
CI_SVC	07/17 23:55
PRE_A	07/17 23:55
A_RADIUS	07/17 23:55
A_TCP	07/17 23:55
A_TCP1	07/17 23:55
A_TCP2	07/17 23:55
A_TCP3	07/17 23:55
A_TCP4	07/17 23:55
A_SCTP	07/17 23:55
A_DIAMETER	07/17 23:55
A_HTTP	07/17 23:55
A_HTTP1	07/17 23:55
A_HTTP2	07/17 23:55
A_HTTP3	07/17 23:55
A_HTTP4	07/17 23:55
A_WAP20	07/17 23:55
A_MMS	07/17 23:55
A_2G	07/17 23:55
A_FB	07/17 23:55
A_IV	07/17 23:55
A_FV	07/17 23:55
A_JNC	07/17 23:55
A_EMS	07/17 23:55
A_WIPI	07/17 23:55
A_VOD	10/23 23:46
A_SIPM	07/17 23:55
A_SIPT	07/17 23:55
A_SIPD	07/17 23:55
A_JAVA	07/17 23:55
A_MSRPM	07/17 23:55
A_MSRPT	07/17 23:55
A_XCAP	07/17 23:55
A_IM	07/17 23:55
A_VT	07/17 23:55
A_ONLINE	07/17 23:55
A_FTP	07/17 23:55
A_DNS	07/17 23:55
A_WIDGET	07/17 23:55
A_CALL	07/17 23:55
CI_LOG	07/17 23:55
CAPD	07/17 23:55
