1256931564  :  19004 (A_VOD) S 1 19002 15517 0 -1 4194560 948534 0 6761 0 1147 502 0 0 15 0 1 0 4232731969 8396578816 955127 18446744073709551615 4194304 5163692 548682070608 18446744073709551615 216259952626 0 0 0 369195527 1105416617720 0 0 17 3 0 0
1256931564  :  5273 (CHSMD) S 1 5271 9484 0 -1 4194560 424574537 0 1 0 103666 388025 0 0 16 0 1 0 3386065606 3682304 207 18446744073709551615 4194304 4268556 548682070464 18446744073709551615 216259952626 0 65536 65536 335572999 1099529182832 0 0 17 3 0 0
1256931564  :  5297 (ALMD) S 1 5271 9484 0 -1 4194560 190 0 0 0 127 210 0 0 16 0 1 100 3386065617 3031040 137 18446744073709551615 4194304 4223452 548682070464 18446744073709551615 216260183797 0 0 65536 369129991 18446744071563938710 0 0 17 0 0 0
1256931564  :  5330 (QMON) S 1 5271 9484 0 -1 4194560 513284 0 1 0 30087212 62097 0 0 15 0 1 0 3386065627 8211804160 507958 18446744073709551615 4194304 4999340 548682070464 18446744073709551615 216259952626 0 0 65536 369129991 1099529305816 0 0 17 7 0 0
1256931564  :  5337 (S_MNG) S 1 5271 9484 0 -1 4194560 1531 0 11 0 170 169 0 0 16 0 1 0 3386065637 8230682624 1075 18446744073709551615 4194304 4284956 548682070464 18446744073709551615 216259952626 0 65536 69633 24576 1099529277048 0 0 17 6 0 0
1256931564  :  5338 (CI_SVC) S 1 5271 9484 0 -1 4194560 3011 0 0 0 169 736 0 0 15 0 1 0 3386065647 19394560 334 18446744073709551615 4194304 4221996 548682070464 18446744073709551615 216260150597 0 0 65536 369129991 1099529142232 0 0 17 2 0 0
1256931564  :  5339 (PRE_A) R 1 5271 9484 0 -1 4194560 958194 0 1 0 228109021 60794436 0 0 15 0 1 0 3386065658 8751280128 952319 18446744073709551615 4194304 5066292 548682070464 18446744073709551615 216260183797 0 0 65536 369129991 0 0 0 17 4 0 0
1256931564  :  5340 (A_RADIUS) R 1 5271 9484 0 -1 4194560 631418 0 0 0 1024165 435461 0 0 16 0 1 0 3386065668 8227536896 629178 18446744073709551615 4194304 4285124 548682070464 18446744073709551615 216259952626 0 0 0 369195527 0 0 0 17 3 0 0
1256931564  :  5341 (A_TCP) S 1 5271 9484 0 -1 4194560 780125 0 2 0 208004 79659 0 0 16 0 1 0 3386065678 8363888640 779654 18446744073709551615 4194304 4307164 548682070464 18446744073709551615 216259952626 0 0 0 369195527 1104098025208 0 0 17 6 0 0
1256931564  :  5342 (A_TCP) S 1 5271 9484 0 -1 4194560 780130 0 0 0 207029 79102 0 0 16 0 1 0 3386065688 8363896832 779649 18446744073709551615 4194304 4307164 548682070464 18446744073709551615 216259952626 0 0 0 369195527 1102327987960 0 0 17 3 0 0
1256931564  :  5343 (A_TCP) S 1 5271 9484 0 -1 4194560 780160 0 0 0 220945 93783 0 0 16 0 1 0 3386065699 8363896832 779654 18446744073709551615 4194304 4307164 548682070464 18446744073709551615 216259952626 0 0 0 369195527 1111670079224 0 0 17 0 0 0
1256931564  :  5344 (A_TCP) S 1 5271 9484 0 -1 4194560 780118 0 0 0 221197 93830 0 0 16 0 1 0 3386065709 8363851776 779656 18446744073709551615 4194304 4307164 548682070464 18446744073709551615 216259952626 0 0 0 369195527 1112723300088 0 0 17 3 0 0
1256931564  :  5345 (A_TCP) R 1 5271 9484 0 -1 4194560 780121 0 0 0 205638 79175 0 0 16 0 1 0 3386065719 8363835392 779652 18446744073709551615 4194304 4307164 548682070464 18446744073709551615 216259952626 0 0 0 369195527 0 0 0 17 1 0 0
1256931564  :  5346 (A_SCTP) S 1 5271 9484 0 -1 4194560 3009 0 0 0 1487 2841 0 0 15 0 1 0 3386065730 8222658560 2957 18446744073709551615 4194304 4273180 548682070464 18446744073709551615 216259952626 0 0 65536 369129991 1113486909176 0 0 17 3 0 0
1256931564  :  5347 (A_DIAMETER) S 1 5271 9484 0 -1 4194560 4200 0 0 0 1632 2833 0 0 15 0 1 0 3386065740 8227549184 4148 18446744073709551615 4194304 4296756 548682070448 18446744073709551615 216259952626 0 0 0 369195527 1116275400440 0 0 17 2 0 0
1256931564  :  5348 (A_HTTP) S 1 5271 9484 0 -1 4194560 2071164 0 0 0 561466 84846 0 0 16 0 1 0 3386065750 8455192576 2063680 18446744073709551615 4194304 4338468 548682070464 18446744073709551615 216259952626 0 0 0 369195527 1104690888440 0 0 17 0 0 0
1256931564  :  5349 (A_HTTP) S 1 5271 9484 0 -1 4194560 2071204 0 0 0 560409 86251 0 0 16 0 1 0 3386065761 8455192576 2063678 18446744073709551615 4194304 4338468 548682070464 18446744073709551615 216259952626 0 0 0 369195527 1101610925816 0 0 17 2 0 0
1256931564  :  5350 (A_HTTP) S 1 5271 9484 0 -1 4194560 2071294 0 0 0 559799 85583 0 0 16 0 1 0 3386065771 8455192576 2063686 18446744073709551615 4194304 4338468 548682070464 18446744073709551615 216259952626 0 0 0 369195527 1113127780088 0 0 17 2 0 0
1256931564  :  5351 (A_HTTP) S 1 5271 9484 0 -1 4194560 2071038 0 0 0 560793 85613 0 0 16 0 1 0 3386065781 8455192576 2063679 18446744073709551615 4194304 4338468 548682070464 18446744073709551615 216259952626 0 0 0 369195527 1112885731064 0 0 17 7 0 0
1256931564  :  5352 (A_HTTP) S 1 5271 9484 0 -1 4194560 2071317 0 0 0 560463 86113 0 0 16 0 1 0 3386065791 8455192576 2063685 18446744073709551615 4194304 4338468 548682070464 18446744073709551615 216259952626 0 0 0 369195527 1106871197432 0 0 17 6 0 0
1256931564  :  5353 (A_WAP20) S 1 5271 9484 0 -1 4194560 206276729 0 0 0 4198143 140478 0 0 16 0 1 0 3386065802 8211906560 2004116 18446744073709551615 4194304 5075636 548682070464 18446744073709551615 216259952626 0 0 0 369195527 1113359474424 0 0 17 3 0 0
1256931564  :  5354 (A_MMS) S 1 5271 9484 0 -1 4194560 36114515 0 0 0 298937 11194 0 0 15 0 1 0 3386065812 8211939328 2003944 18446744073709551615 4194304 5103924 548682070464 18446744073709551615 216259952626 0 0 0 369195527 1100441558776 0 0 17 2 0 0
1256931564  :  5355 (A_2G) S 1 5271 9484 0 -1 4194560 126401 0 4 0 1386 2834 0 0 15 0 1 0 3386065822 8211910656 126353 18446744073709551615 4194304 5082796 548682070464 18446744073709551615 216259952626 0 0 0 369195527 1104979656440 0 0 17 3 0 0
1256931564  :  5356 (A_FB) S 1 5271 9484 0 -1 4194560 275020521 0 0 0 15552427 251935 0 0 15 0 1 0 3386065833 8255021056 2006147 18446744073709551615 4194304 5115972 548682070464 18446744073709551615 216259952626 0 0 0 369195527 1099529110360 0 0 17 1 0 0
1256931564  :  5357 (A_IV) S 1 5271 9484 0 -1 4194560 778662 0 0 0 63182 29189 0 0 15 0 1 0 3386065843 8318099456 764542 18446744073709551615 4194304 4293148 548682070464 18446744073709551615 216259952626 0 0 0 369195527 1112826707704 0 0 17 3 0 0
1256931564  :  5358 (A_FV) S 1 5271 9484 0 -1 4194560 655492 0 2 0 1410 2873 0 0 15 0 1 0 3386065853 8211910656 655442 18446744073709551615 4194304 5083020 548682070464 18446744073709551615 216259952626 0 0 0 369195527 1115936784120 0 0 17 3 0 0
1256931564  :  5359 (A_JNC) S 1 5271 9484 0 -1 4194560 19554 0 0 0 1353 2870 0 0 15 0 1 0 3386065864 8268640256 19490 18446744073709551615 4194304 4265036 548682070464 18446744073709551615 216259952626 0 0 0 369195527 1099529274360 0 0 17 6 0 0
1256931564  :  5360 (A_EMS) S 1 5271 9484 0 -1 4194560 1990606 0 0 0 8897 3079 0 0 15 0 1 0 3386065874 8211898368 1279060 18446744073709551615 4194304 5082780 548682070464 18446744073709551615 216259952626 0 0 0 369195527 1099529176120 0 0 17 3 0 0
1256931564  :  5361 (A_WIPI) S 1 5271 9484 0 -1 4194560 834757 0 0 0 1478 2809 0 0 15 0 1 0 3386065884 8211922944 834704 18446744073709551615 4194304 5092220 548682070464 18446744073709551615 216259952626 0 0 0 369195527 1114594213624 0 0 17 3 0 0
1256931564  :  5365 (A_SIPM) R 1 5271 9484 0 -1 4194560 718650 0 1 0 78363 83495 0 0 16 0 1 0 3386065905 8246042624 718597 18446744073709551615 4194304 4284124 548682070464 18446744073709551615 216259952626 0 0 0 369195527 0 0 0 17 2 0 0
1256931564  :  5366 (A_SIPT) S 1 5271 9484 0 -1 4194560 884491 0 1 0 266122 60859 0 0 15 0 1 0 3386065915 8588607488 884392 18446744073709551615 4194304 5198868 548682070464 18446744073709551615 216259952626 0 0 0 369195527 1101300989688 0 0 17 1 0 0
1256931564  :  5367 (A_SIPD) S 1 5271 9484 0 -1 4194560 790148 0 0 0 64866 4597 0 0 15 0 1 0 3386065925 8211099648 790096 18446744073709551615 4194304 4319964 548682070464 18446744073709551615 216259952626 0 0 0 369195527 1099529078024 0 0 17 0 0 0
1256931564  :  5368 (A_JAVA) R 1 5271 9484 0 -1 4194560 905691 0 3 0 1529 2815 0 0 15 0 1 0 3386065936 8211906560 905642 18446744073709551615 4194304 5075604 548682070464 18446744073709551615 216259952626 0 0 0 369195527 0 0 0 17 3 0 0
1256931564  :  5369 (A_MSRPM) S 1 5271 9484 0 -1 4194560 933401 0 0 0 3681 4280 0 0 15 0 1 0 3386065946 8249241600 928593 18446744073709551615 4194304 4275596 548682070464 18446744073709551615 216259952626 0 0 0 369195527 1105962032888 0 0 17 3 0 0
1256931564  :  5370 (A_MSRPT) S 1 5271 9484 0 -1 4194560 883270 0 0 0 5924 3310 0 0 15 0 1 0 3386065956 8278593536 882940 18446744073709551615 4194304 4305820 548682070464 18446744073709551615 216259952626 0 0 0 369195527 1114094345976 0 0 17 6 0 0
1256931564  :  5371 (A_XCAP) S 1 5271 9484 0 -1 4194560 573402 0 0 0 3366 3239 0 0 15 0 1 0 3386065967 8211030016 573350 18446744073709551615 4194304 4248076 548682070464 18446744073709551615 216259952626 0 0 0 369195527 1114973150968 0 0 17 3 0 0
1256931564  :  5372 (A_IM) S 1 5271 9484 0 -1 4194560 659797 0 0 0 3585 4023 0 0 15 0 1 0 3386065977 8250023936 659745 18446744073709551615 4194304 5009892 548682070464 18446744073709551615 216259952626 0 0 0 369195527 1101582212488 0 0 17 2 0 0
1256931564  :  5373 (A_VT) S 1 5271 9484 0 -1 4194560 731038 0 0 0 23936 16182 0 0 15 0 1 0 3386065987 8250052608 725741 18446744073709551615 4194304 5027388 548682070464 18446744073709551615 216259952626 0 0 0 369195527 1100166749944 0 0 17 3 0 0
1256931564  :  5374 (A_ONLINE) S 1 5271 9484 0 -1 4194560 756328 0 0 0 2693 3173 0 0 15 0 1 0 3386065998 8247427072 751006 18446744073709551615 4194304 5046684 548682070464 18446744073709551615 216259952626 0 0 0 369195527 1111299989240 0 0 17 6 0 0
1256931564  :  5375 (A_FTP) S 1 5271 9484 0 -1 4194560 730378 0 2 0 25940 2902 0 0 15 0 1 0 3386066008 8213049344 730151 18446744073709551615 4194304 4259020 548682070464 18446744073709551615 216259952626 0 0 65536 369129991 1107357343480 0 0 17 6 0 0
1256931564  :  5376 (A_DNS) S 1 5271 9484 0 -1 4194560 639747 0 0 0 60918 45936 0 0 16 0 1 0 3386066018 8215715840 634343 18446744073709551615 4194304 4267724 548682070464 18446744073709551615 216259952626 0 0 65536 369129991 1102327987960 0 0 17 3 0 0
1256931564  :  5377 (A_WIDGET) S 1 5271 9484 0 -1 4194560 910409 0 0 0 19371 7833 0 0 15 0 1 0 3386066029 8211877888 910343 18446744073709551615 4194304 5061100 548682070464 18446744073709551615 216259952626 0 0 0 369195527 1107342196472 0 0 17 2 0 0
1256931564  :  5378 (A_CALL) R 1 5271 9484 0 -1 4194560 2042825 0 0 0 327047168 37051302 0 0 17 0 1 0 3386066039 8348540928 2037471 18446744073709551615 4194304 5079788 548682070464 18446744073709551615 216260183797 0 0 0 369195527 0 0 0 17 5 0 0
1256931564  :  5379 (CI_LOG) S 1 5271 9484 0 -1 4194560 916478 0 0 0 188146 292094 0 0 15 0 1 0 3386066049 8228163584 912321 18446744073709551615 4194304 4991084 548682070464 18446744073709551615 216259952626 0 0 65536 369129991 1115626946296 0 0 17 3 0 0
1256931564  :  5380 (CAPD) R 1 5271 9484 0 -1 4194560 705222 0 0 0 70034260 50642112 0 0 16 0 1 0 3386066059 8742625280 705154 18446744073709551615 4194304 4242300 548682070464 18446744073709551615 216260184041 0 0 65536 369129991 0 0 0 17 1 0 0
